MIME-Version: 1.0
Content-Type: text/plain; charset="utf-8"
Content-Transfer-Encoding: 8bit
Subject: =?utf-8?q?Contrase=C3=B1a_restablecida_en_127=2E0=2E0=2E1=3A8000?=
From: webmaster@localhost
To: mundoelectronico7@hotmail.com
Date: Sat, 11 May 2019 15:12:28 -0000
Message-ID: <20190511151228.3514.52053@jg-Aspire-E5-411>


Ha recibido este correo electrónico porque ha solicitado restablecer la contraseña para su cuenta en 127.0.0.1:8000.

Por favor, vaya a la página siguiente y escoja una nueva contraseña.

http://127.0.0.1:8000/reset/Mg/568-11257522984be3332ece/

Su nombre de usuario, en caso de haberlo olvidado: mundoelectronico7

¡Gracias por usar nuestro sitio!

El equipo de 127.0.0.1:8000



-------------------------------------------------------------------------------
MIME-Version: 1.0
Content-Type: text/plain; charset="utf-8"
Content-Transfer-Encoding: 8bit
Subject: =?utf-8?q?Contrase=C3=B1a_restablecida_en_127=2E0=2E0=2E1=3A8000?=
From: webmaster@localhost
To: mundoelectronico7@hotmail.com
Date: Sat, 11 May 2019 15:12:28 -0000
Message-ID: <20190511151228.3514.73826@jg-Aspire-E5-411>


Ha recibido este correo electrónico porque ha solicitado restablecer la contraseña para su cuenta en 127.0.0.1:8000.

Por favor, vaya a la página siguiente y escoja una nueva contraseña.

http://127.0.0.1:8000/reset/MTg/568-a5cf45c8f7f486e28829/

Su nombre de usuario, en caso de haberlo olvidado: julianjg

¡Gracias por usar nuestro sitio!

El equipo de 127.0.0.1:8000



-------------------------------------------------------------------------------
MIME-Version: 1.0
Content-Type: text/plain; charset="utf-8"
Content-Transfer-Encoding: 8bit
Subject: =?utf-8?q?Contrase=C3=B1a_restablecida_en_127=2E0=2E0=2E1=3A8000?=
From: webmaster@localhost
To: mundoelectronico7@hotmail.com
Date: Sat, 11 May 2019 15:12:28 -0000
Message-ID: <20190511151228.3514.55099@jg-Aspire-E5-411>


Ha recibido este correo electrónico porque ha solicitado restablecer la contraseña para su cuenta en 127.0.0.1:8000.

Por favor, vaya a la página siguiente y escoja una nueva contraseña.

http://127.0.0.1:8000/reset/NDU/568-042b7cde02555c76a742/

Su nombre de usuario, en caso de haberlo olvidado: jg

¡Gracias por usar nuestro sitio!

El equipo de 127.0.0.1:8000



-------------------------------------------------------------------------------
